{
  "project": "docs-parser",
  "success": false,
  "total_checks": 5,
  "passed": 0,
  "failed": 5,
  "failures": [
    {
      "check": "Test Execution",
      "error": "Tests failed: ERROR: usage: pytest [options] [file_or_dir] [file_or_dir] [...]\npytest: error: unrecognized arguments: --cov=src --cov-report=json --cov-report=term\n  inifile: /home/vincent/Documents/Momo/WorkSpace/projects/parsers/docs-parser/pyproject.toml\n  rootdir: /home/vincent/Documents/Momo/WorkSpace/projects/parsers/docs-parser\n\n"
    },
    {
      "check": "Ruff Linting",
      "error": "Linting issues: F401 [*] `typing.Any` imported but unused\n --> src/docs_parser/python_stdlib.py:6:36\n  |\n4 | import requests\n5 | from bs4 import BeautifulSoup\n6 | from typing import Optional, Dict, Any\n  |                                    ^^^\n7 | from pathlib import Path\n8 | import json\n  |\nhelp: Remove unused import: `typing.Any`\n\nF841 [*] Local variable `e` is assigned to but never used\n  --> src/docs_parser/python_stdlib.py:57:29\n   |\n55 |                 return dense_doc\n56 |                 \n57 |         except Exception as e:\n   |                             ^\n58 |             # Fallback to introspection if web parsing fails\n59 |             return self._introspect_function(module_name, function_name)\n   |\nhelp: Remove assignment to unused variable `e`\n\nF841 [*] Local variable `e` is assigned to but never used\n  --> src/docs_parser/universal_parser.py:62:29\n   |\n60 |             return content\n61 |             \n62 |         except Exception as e:\n   |                             ^\n63 |             return None\n   |\nhelp: Remove assignment to unused variable `e`\n\nFound 3 errors.\n[*] 3 fixable with the `--fix` option.\n"
    },
    {
      "check": "MyPy Type Check",
      "error": "Type errors: src/docs_parser/search.py:11: error: Skipping analyzing \"langchain_google_community.utilities\": module is installed, but missing library stubs or py.typed marker  [import-untyped]\nsrc/docs_parser/search.py:17: error: Skipping analyzing \"tavily\": module is installed, but missing library stubs or py.typed marker  [import-untyped]\nsrc/docs_parser/search.py:86: error: Incompatible types in assignment (expression has type \"str | None\", target has type \"str\")  [assignment]\nsrc/docs_parser/search.py:111: error: Item \"None\" of \"Any | None\" has no attribute \"search\"  [union-attr]\nsrc/docs_parser/search.py:118: error: Need type annotation for \"doc_results\" (hint: \"doc_results: list[<type>] = ...\")  [var-annotated]\nsrc/docs_parser/search.py:146: error: Function is missing a type annotation for one or more arguments  [no-untyped-def]\nsrc/docs_parser/search.py:154: error: Need type annotation for \"doc_results\" (hint: \"doc_results: list[<type>] = ...\")  [var-annotated]\nsrc/docs_parser/python_stdlib.py:4: error: Library stubs not installed for \"requests\"  [import-untyped]\nsrc/docs_parser/python_stdlib.py:4: note: Hint: \"python3 -m pip install types-requests\"\nsrc/docs_parser/python_stdlib.py:4: note: (or run \"mypy --install-types\" to install all missing stub packages)\nsrc/docs_parser/python_stdlib.py:4: note: See https://mypy.readthedocs.io/en/stable/running_mypy.html#missing-imports\nsrc/docs_parser/python_stdlib.py:113: error: Function is missing a type annotation for one or more arguments  [no-untyped-def]\nsrc/docs_parser/python_stdlib.py:195: error: Function is missing a type annotation for one or more arguments  [no-untyped-def]\nsrc/docs_parser/python_stdlib.py:215: error: Function is missing a type annotation for one or more arguments  [no-untyped-def]\nsrc/docs_parser/python_stdlib.py:215: error: Missing type parameters for generic type \"list\"  [type-arg]\nsrc/docs_parser/python_stdlib.py:235: error: Function is missing a type annotation for one or more arguments  [no-untyped-def]\nsrc/docs_parser/python_stdlib.py:235: error: Missing type parameters for generic type \"list\"  [type-arg]\nsrc/docs_parser/python_stdlib.py:251: error: Missing type parameters for generic type \"list\"  [type-arg]\nsrc/docs_parser/python_stdlib.py:319: error: Returning Any from function declared to return \"str | None\"  [no-any-return]\nsrc/docs_parser/cli.py:8: error: Function is missing a return type annotation  [no-untyped-def]\nsrc/docs_parser/cli.py:8: note: Use \"-> None\" if function does not return a value\nsrc/docs_parser/cli.py:14: error: Function is missing a return type annotation  [no-untyped-def]\nsrc/docs_parser/cli.py:14: note: Use \"-> None\" if function does not return a value\nsrc/docs_parser/cli.py:21: error: Function is missing a return type annotation  [no-untyped-def]\nsrc/docs_parser/batch_parser.py:21: error: Incompatible default for argument \"functions\" (default has type \"None\", argument has type \"list[str]\")  [assignment]\nsrc/docs_parser/batch_parser.py:21: note: PEP 484 prohibits implicit Optional. Accordingly, mypy has changed its default to no_implicit_optional=True\nsrc/docs_parser/batch_parser.py:21: note: Use https://github.com/hauntsaninja/no_implicit_optional to automatically upgrade your codebase\nsrc/docs_parser/universal_parser.py:8: error: Module \"langchain_docling\" does not explicitly export attribute \"DoclingLoader\"  [attr-defined]\nsrc/docs_parser/universal_parser.py:23: error: Function is missing a return type annotation  [no-untyped-def]\nsrc/docs_parser/universal_parser.py:23: note: Use \"-> None\" if function does not return a value\nsrc/docs_parser/universal_parser.py:33: error: Incompatible default for argument \"function_name\" (default has type \"None\", argument has type \"str\")  [assignment]\nsrc/docs_parser/universal_parser.py:33: note: PEP 484 prohibits implicit Optional. Accordingly, mypy has changed its default to no_implicit_optional=True\nsrc/docs_parser/universal_parser.py:33: note: Use https://github.com/hauntsaninja/no_implicit_optional to automatically upgrade your codebase\nFound 23 errors in 5 files (checked 6 source files)\n"
    },
    {
      "check": "File Size Warning",
      "error": "Files exceed 200-line target: docs_parser/python_stdlib.py: 356 lines, docs_parser/universal_parser.py: 229 lines"
    },
    {
      "check": "Project Count Violation",
      "error": "Found 0 projects, expected 5"
    }
  ]
}