{
  "project": "code-parser",
  "success": false,
  "total_checks": 5,
  "passed": 0,
  "failed": 5,
  "failures": [
    {
      "check": "Test Execution",
      "error": "Tests failed: ERROR: usage: pytest [options] [file_or_dir] [file_or_dir] [...]\npytest: error: unrecognized arguments: --cov=src --cov-report=json --cov-report=term\n  inifile: /home/vincent/Documents/Momo/WorkSpace/projects/parsers/code-parser/pyproject.toml\n  rootdir: /home/vincent/Documents/Momo/WorkSpace/projects/parsers/code-parser\n\n"
    },
    {
      "check": "Ruff Linting",
      "error": "Linting issues: F401 [*] `tempfile` imported but unused\n --> src/code_parser/interpreter.py:4:8\n  |\n3 | import subprocess\n4 | import tempfile\n  |        ^^^^^^^^\n5 | from typing import Dict, Any\n6 | from pathlib import Path\n  |\nhelp: Remove unused import: `tempfile`\n\nF401 [*] `pathlib.Path` imported but unused\n --> src/code_parser/interpreter.py:6:21\n  |\n4 | import tempfile\n5 | from typing import Dict, Any\n6 | from pathlib import Path\n  |                     ^^^^\n  |\nhelp: Remove unused import: `pathlib.Path`\n\nF401 [*] `typing.Iterator` imported but unused\n --> src/code_parser/python_parser.py:6:20\n  |\n4 | import hashlib\n5 | from pathlib import Path\n6 | from typing import Iterator\n  |                    ^^^^^^^^\n7 |\n8 | try:\n  |\nhelp: Remove unused import: `typing.Iterator`\n\nF841 [*] Local variable `e` is assigned to but never used\n  --> src/code_parser/python_parser.py:29:53\n   |\n27 |             content = file_path.read_text(encoding='utf-8')\n28 |             tree = ast.parse(content, filename=str(file_path))\n29 |         except (SyntaxError, UnicodeDecodeError) as e:\n   |                                                     ^\n30 |             return {\"error\": 1, \"functions\": 0, \"classes\": 0}\n   |\nhelp: Remove assignment to unused variable `e`\n\nF401 [*] `typing.Tuple` imported but unused\n  --> src/code_parser/sphinx_parser.py:9:47\n   |\n 7 | import tempfile\n 8 | from pathlib import Path\n 9 | from typing import Any, Dict, List, Optional, Tuple\n   |                                               ^^^^^\n10 |\n11 | from sphinx.application import Sphinx\n   |\nhelp: Remove unused import: `typing.Tuple`\n\nF401 [*] `sphinx.ext.autodoc.ClassDocumenter` imported but unused\n  --> src/code_parser/sphinx_parser.py:12:32\n   |\n11 | from sphinx.application import Sphinx\n12 | from sphinx.ext.autodoc import ClassDocumenter, FunctionDocumenter\n   |                                ^^^^^^^^^^^^^^^\n13 | from sphinx.util.docutils import docutils_namespace\n   |\nhelp: Remove unused import\n\nF401 [*] `sphinx.ext.autodoc.FunctionDocumenter` imported but unused\n  --> src/code_parser/sphinx_parser.py:12:49\n   |\n11 | from sphinx.application import Sphinx\n12 | from sphinx.ext.autodoc import ClassDocumenter, FunctionDocumenter\n   |                                                 ^^^^^^^^^^^^^^^^^^\n13 | from sphinx.util.docutils import docutils_namespace\n   |\nhelp: Remove unused import\n\nF401 [*] `sphinx.util.docutils.docutils_namespace` imported but unused\n  --> src/code_parser/sphinx_parser.py:13:34\n   |\n11 | from sphinx.application import Sphinx\n12 | from sphinx.ext.autodoc import ClassDocumenter, FunctionDocumenter\n13 | from sphinx.util.docutils import docutils_namespace\n   |                                  ^^^^^^^^^^^^^^^^^^\n14 |\n15 | from knowledge.db_manager import ContextDB, Function, Class, Pattern\n   |\nhelp: Remove unused import: `sphinx.util.docutils.docutils_namespace`\n\nF841 [*] Local variable `e` is assigned to but never used\n   --> src/code_parser/sphinx_parser.py:103:29\n    |\n101 |             return counts\n102 |             \n103 |         except Exception as e:\n    |                             ^\n104 |             return {\"error\": 1, \"functions\": 0, \"classes\": 0}\n    |\nhelp: Remove assignment to unused variable `e`\n\nFound 9 errors.\n[*] 9 fixable with the `--fix` option.\n"
    },
    {
      "check": "MyPy Type Check",
      "error": "Type errors: src/code_parser/interpreter.py:57: error: Missing type parameters for generic type \"list\"  [type-arg]\nsrc/code_parser/interpreter.py:57: error: Incompatible default for argument \"test_cases\" (default has type \"None\", argument has type \"list[Any]\")  [assignment]\nsrc/code_parser/interpreter.py:57: note: PEP 484 prohibits implicit Optional. Accordingly, mypy has changed its default to no_implicit_optional=True\nsrc/code_parser/interpreter.py:57: note: Use https://github.com/hauntsaninja/no_implicit_optional to automatically upgrade your codebase\nsrc/code_parser/interpreter.py:81: error: Returning Any from function declared to return \"bool\"  [no-any-return]\nsrc/code_parser/python_parser.py:12: error: Cannot assign to a type  [misc]\nsrc/code_parser/python_parser.py:12: error: Incompatible types in assignment (expression has type \"None\", variable has type \"type[ContextDB]\")  [assignment]\nsrc/code_parser/python_parser.py:12: error: Incompatible types in assignment (expression has type \"None\", variable has type \"type[Function]\")  [assignment]\nsrc/code_parser/python_parser.py:12: error: Incompatible types in assignment (expression has type \"None\", variable has type \"type[Class]\")  [assignment]\nsrc/code_parser/python_parser.py:12: error: Incompatible types in assignment (expression has type \"None\", variable has type \"type[Pattern]\")  [assignment]\nsrc/code_parser/python_parser.py:181: error: Incompatible default for argument \"root_path\" (default has type \"None\", argument has type \"Path\")  [assignment]\nsrc/code_parser/python_parser.py:181: note: PEP 484 prohibits implicit Optional. Accordingly, mypy has changed its default to no_implicit_optional=True\nsrc/code_parser/python_parser.py:181: note: Use https://github.com/hauntsaninja/no_implicit_optional to automatically upgrade your codebase\nsrc/code_parser/sphinx_parser.py:82: error: Incompatible types in assignment (expression has type \"type[Any]\", variable has type \"FunctionType\")  [assignment]\nsrc/code_parser/sphinx_parser.py:141: error: Unexpected keyword argument \"signature\" for \"Function\"  [call-arg]\nsrc/code_parser/sphinx_parser.py:141: error: Unexpected keyword argument \"description\" for \"Function\"  [call-arg]\nsrc/code_parser/sphinx_parser.py:141: error: Unexpected keyword argument \"domain\" for \"Function\"  [call-arg]\nsrc/code_parser/sphinx_parser.py:141: error: Unexpected keyword argument \"complexity\" for \"Function\"  [call-arg]\nsrc/code_parser/sphinx_parser.py:141: error: Unexpected keyword argument \"dependencies\" for \"Function\"  [call-arg]\nsrc/code_parser/sphinx_parser.py:177: error: Unexpected keyword argument \"inheritance\" for \"Class\"  [call-arg]\nsrc/code_parser/sphinx_parser.py:177: error: Unexpected keyword argument \"description\" for \"Class\"  [call-arg]\nsrc/code_parser/sphinx_parser.py:177: error: Unexpected keyword argument \"domain\" for \"Class\"  [call-arg]\nsrc/code_parser/sphinx_parser.py:177: error: Unexpected keyword argument \"interface_complexity\" for \"Class\"  [call-arg]\nsrc/code_parser/sphinx_parser.py:197: error: Need type annotation for \"decorator_usage\" (hint: \"decorator_usage: dict[<type>, <type>] = ...\")  [var-annotated]\nsrc/code_parser/sphinx_parser.py:204: error: Incompatible types in assignment (expression has type \"str\", variable has type \"expr\")  [assignment]\nsrc/code_parser/sphinx_parser.py:206: error: Unexpected keyword argument \"description\" for \"Pattern\"  [call-arg]\nsrc/code_parser/sphinx_parser.py:206: error: Unexpected keyword argument \"code_example\" for \"Pattern\"  [call-arg]\nsrc/code_parser/sphinx_parser.py:206: error: Unexpected keyword argument \"domain\" for \"Pattern\"  [call-arg]\nsrc/code_parser/sphinx_parser.py:206: error: Unexpected keyword argument \"complexity\" for \"Pattern\"  [call-arg]\nsrc/code_parser/sphinx_parser.py:206: error: Unexpected keyword argument \"file_path\" for \"Pattern\"  [call-arg]\nsrc/code_parser/sphinx_parser.py:218: error: Unexpected keyword argument \"description\" for \"Pattern\"  [call-arg]\nsrc/code_parser/sphinx_parser.py:218: error: Unexpected keyword argument \"code_example\" for \"Pattern\"  [call-arg]\nsrc/code_parser/sphinx_parser.py:218: error: Unexpected keyword argument \"domain\" for \"Pattern\"  [call-arg]\nsrc/code_parser/sphinx_parser.py:218: error: Unexpected keyword argument \"complexity\" for \"Pattern\"  [call-arg]\nsrc/code_parser/sphinx_parser.py:218: error: Unexpected keyword argument \"file_path\" for \"Pattern\"  [call-arg]\nsrc/code_parser/sphinx_parser.py:231: error: Unexpected keyword argument \"description\" for \"Pattern\"  [call-arg]\nsrc/code_parser/sphinx_parser.py:231: error: Unexpected keyword argument \"code_example\" for \"Pattern\"  [call-arg]\nsrc/code_parser/sphinx_parser.py:231: error: Unexpected keyword argument \"domain\" for \"Pattern\"  [call-arg]\nsrc/code_parser/sphinx_parser.py:231: error: Unexpected keyword argument \"complexity\" for \"Pattern\"  [call-arg]\nsrc/code_parser/sphinx_parser.py:231: error: Unexpected keyword argument \"file_path\" for \"Pattern\"  [call-arg]\nFound 36 errors in 3 files (checked 4 source files)\n"
    },
    {
      "check": "File Size Warning",
      "error": "Files exceed 200-line target: code_parser/sphinx_parser.py: 309 lines, code_parser/python_parser.py: 213 lines"
    },
    {
      "check": "Project Count Violation",
      "error": "Found 0 projects, expected 5"
    }
  ]
}